<?xml version="1.0" encoding="UTF-8"?>
<!-- Generated by org.testng.reporters.JUnitXMLReporter -->
<testsuite ignored="0" hostname="DESKTOP-K1GI7C6" failures="0" tests="6" name="TestingEnv " time="0.033" errors="0" timestamp="2022-12-22T23:17:21 EST">
  <testcase classname="TestingENV.Test4" name="testcase1" time="0.002"/>
  <testcase classname="TestingENV.Test4" name="testcase2" time="0.001"/>
  <testcase classname="TestingENV.Test4" name="testcase3" time="0.003"/>
  <testcase classname="TestingENV.Test4" name="testcase4" time="0.002"/>
  <testcase classname="TestingENV.Test4" name="testcase5" time="0.003"/>
  <testcase classname="TestingENV.Test4" name="testcase6" time="0.002"/>
</testsuite> <!-- TestingEnv  -->
