<?xml version="1.0" encoding="UTF-8"?>
<!-- Generated by org.testng.reporters.JUnitXMLReporter -->
<testsuite ignored="0" hostname="DESKTOP-K1GI7C6" failures="0" tests="6" name="test1,2,3 run parallaly" time="29.818" errors="0" timestamp="2022-12-22T22:20:31 EST">
  <testcase classname="TestNGBAsicClasses.Test1" name="m1" time="12.04"/>
  <testcase classname="TestNGBAsicClasses.Test3" name="m5" time="12.899"/>
  <testcase classname="TestNGBAsicClasses.Test2" name="m3" time="13.199"/>
  <testcase classname="TestNGBAsicClasses.Test3" name="m6" time="10.742"/>
  <testcase classname="TestNGBAsicClasses.Test2" name="m4" time="11.219"/>
  <testcase classname="TestNGBAsicClasses.Test1" name="m2" time="17.723"/>
</testsuite> <!-- test1,2,3 run parallaly -->
