<?xml version="1.0" encoding="UTF-8"?>
<!-- Generated by org.testng.reporters.JUnitXMLReporter -->
<testsuite ignored="5" hostname="DESKTOP-K1GI7C6" failures="0" tests="1" name="Type Based Test" time="0.066" errors="0" timestamp="2022-12-22T23:07:47 EST">
  <testcase classname="TestingENV.Test4" name="testcase1" time="0.013"/>
  <testcase classname="TestingENV.Test4" name="testcase3" time="0.0">
    <ignored/>
  </testcase> <!-- testcase3 -->
  <testcase classname="TestingENV.Test4" name="testcase2" time="0.0">
    <ignored/>
  </testcase> <!-- testcase2 -->
  <testcase classname="TestingENV.Test4" name="testcase5" time="0.0">
    <ignored/>
  </testcase> <!-- testcase5 -->
  <testcase classname="TestingENV.Test4" name="testcase4" time="0.0">
    <ignored/>
  </testcase> <!-- testcase4 -->
  <testcase classname="TestingENV.Test4" name="testcase6" time="0.0">
    <ignored/>
  </testcase> <!-- testcase6 -->
</testsuite> <!-- Type Based Test -->
