<?xml version="1.0" encoding="UTF-8"?>
<!-- Generated by org.testng.reporters.JUnitXMLReporter -->
<testsuite ignored="0" hostname="DESKTOP-K1GI7C6" failures="1" tests="2" name="EAL_AMAZOn1 Test- edge browser" time="16.932" errors="0" timestamp="2022-12-29T22:48:45 EST">
  <testcase classname="AmazonTestNG1.Amazon2" name="f" time="0.378">
    <failure type="java.lang.AssertionError" message="The following asserts failed:
	expected [https://www.amazon1.com/] but found [https://www.amazon.com/]">
      <![CDATA[java.lang.AssertionError: The following asserts failed:
expected [https://www.amazon1.com/] but found [https://www.amazon.com/]
at AmazonTestNG1.Amazon2.f(Amazon2.java:46)
at java.base/java.util.ArrayList.forEach(ArrayList.java:1511)
at java.base/java.util.concurrent.FutureTask.run(FutureTask.java:264)
at java.base/java.util.concurrent.ThreadPoolExecutor.runWorker(ThreadPoolExecutor.java:1136)
at java.base/java.util.concurrent.ThreadPoolExecutor$Worker.run(ThreadPoolExecutor.java:635)
at java.base/java.lang.Thread.run(Thread.java:833)
... Removed 19 stack frames]]>
    </failure>
  </testcase> <!-- f -->
  <testcase classname="AmazonTestNG1.Amazon2" name="test2" time="5.928"/>
</testsuite> <!-- EAL_AMAZOn1 Test- edge browser -->
