<?xml version="1.0" encoding="UTF-8"?>
<!-- Generated by org.testng.reporters.JUnitXMLReporter -->
<testsuite ignored="0" hostname="DESKTOP-K1GI7C6" failures="0" tests="3" name="facebook_signup" time="63.71" errors="0" timestamp="2022-12-29T21:43:34 EST">
  <testcase classname="Facebookwork_TestNG.Facebook_SInginTest" name="facebook_signuptest" time="25.623"/>
  <testcase classname="Facebookwork_TestNG.Facebook_SInginTest" name="facebook_signuptest" time="20.594"/>
  <testcase classname="Facebookwork_TestNG.Facebook_SInginTest" name="facebook_signuptest" time="13.637"/>
</testsuite> <!-- facebook_signup -->
