<?xml version="1.0" encoding="UTF-8"?>
<!-- Generated by org.testng.reporters.JUnitXMLReporter -->
<testsuite ignored="0" hostname="DESKTOP-K1GI7C6" failures="0" tests="10" name="prodleveltest" time="58.746" errors="0" timestamp="2022-12-22T23:17:21 EST">
  <testcase classname="PRodLEVEL.Test2" name="m3" time="6.172"/>
  <testcase classname="PRodLEVEL.Test2" name="m4" time="6.099"/>
  <testcase classname="PRodLEVEL.Test1" name="m1" time="10.331"/>
  <testcase classname="PRodLEVEL.Test1" name="m1" time="10.918"/>
  <testcase classname="PRodLEVEL.Test1" name="m1" time="17.662"/>
  <testcase classname="PRodLEVEL.Test1" name="m2" time="3.653"/>
  <testcase classname="PRodLEVEL.Test1" name="m2" time="4.567"/>
  <testcase classname="PRodLEVEL.Test1" name="m2" time="5.327"/>
  <testcase classname="PRodLEVEL.Test3" name="m5" time="18.906"/>
  <testcase classname="PRodLEVEL.Test3" name="m6" time="4.496"/>
</testsuite> <!-- prodleveltest -->
